<?xml version="1.0" encoding="UTF-8"?>
<testsuite xmlns:xsi="http://www.w3.org/2001/XMLSchema-instance" xsi:schemaLocation="https://maven.apache.org/surefire/maven-surefire-plugin/xsd/surefire-test-report.xsd" name="TestSuite" time="82.536" tests="25" errors="0" skipped="0" failures="5">
  <properties>
[...]
</properties>
  <testcase name="fileSinkTestGroup" classname="org.wso2.extension.siddhi.map.text.sinkmapper.TextDefaultSinkMapperTestCase" time="2.45"/>
  <testcase name="fileSinkTestNewLineCharacter" classname="org.wso2.extension.siddhi.map.text.sinkmapper.TextDefaultSinkMapperTestCase" time="1.134"/>
  <testcase name="fileSinkTestSingle" classname="org.wso2.extension.siddhi.map.text.sinkmapper.TextDefaultSinkMapperTestCase" time="1.144"/>
  <testcase name="testHTTPTextMappingText" classname="org.wso2.extension.siddhi.map.text.sinkmapper.TextDefaultSinkMapperTestCase" time="1.936"/>
  <testcase name="testTextSinkMapperDefaultEventGrouping" classname="org.wso2.extension.siddhi.map.text.sinkmapper.TextDefaultSinkMapperTestCase" time="0.031"/>
  <testcase name="testTextSinkMapperDefaultEventGroupingTrue" classname="org.wso2.extension.siddhi.map.text.sinkmapper.TextDefaultSinkMapperTestCase" time="0.024"/>
  <testcase name="testTextSinkMapperEventGroupCustomDelimiter" classname="org.wso2.extension.siddhi.map.text.sinkmapper.TextDefaultSinkMapperTestCase" time="0.037">
    <failure message="expected [100000] but found [1]" type="java.lang.AssertionError">java.lang.AssertionError: expected [100000] but found [1]
	at org.wso2.extension.siddhi.map.text.sinkmapper.TextDefaultSinkMapperTestCase.testTextSinkMapperEventGroupCustomDelimiter(TextDefaultSinkMapperTestCase.java:416)
</failure>
    <system-out><![CDATA[[org.wso2.extension.siddhi.map.text.sinkmapper.TextDefaultSinkMapperTestCase] : Test for custom event delimiter.
]]></system-out>
  </testcase>
  <testcase name="testTextSinkMapperEventGroupDefaultDecimeter" classname="org.wso2.extension.siddhi.map.text.sinkmapper.TextDefaultSinkMapperTestCase" time="60.08">
    <failure message="expected [1] but found [0]" type="java.lang.AssertionError">java.lang.AssertionError: expected [1] but found [0]
	at org.wso2.extension.siddhi.map.text.sinkmapper.TextDefaultSinkMapperTestCase.testTextSinkMapperEventGroupDefaultDecimeter(TextDefaultSinkMapperTestCase.java:340)
</failure>
    <system-out><![CDATA[[org.wso2.extension.siddhi.map.text.sinkmapper.TextDefaultSinkMapperTestCase] : Test for default event delimiter.
]]></system-out>
  </testcase>
  <testcase name="testTextSinkMapperEventGroupHTTP" classname="org.wso2.extension.siddhi.map.text.sinkmapper.TextDefaultSinkMapperTestCase" time="1.073"/>
  <testcase name="testTextSinkMapperEventGroupSingleEvent" classname="org.wso2.extension.siddhi.map.text.sinkmapper.TextDefaultSinkMapperTestCase" time="0.026">
    <failure message="expected [1] but found [3]" type="java.lang.AssertionError">java.lang.AssertionError: expected [1] but found [3]
	at org.wso2.extension.siddhi.map.text.sinkmapper.TextDefaultSinkMapperTestCase.testTextSinkMapperEventGroupSingleEvent(TextDefaultSinkMapperTestCase.java:544)
</failure>
    <system-out><![CDATA[[org.wso2.extension.siddhi.map.text.sinkmapper.TextDefaultSinkMapperTestCase] : Test for single event when event grouping enabled.
]]></system-out>
  </testcase>
  <testcase name="testTextSinkMapperNewLineCharacter" classname="org.wso2.extension.siddhi.map.text.sinkmapper.TextDefaultSinkMapperTestCase" time="0.019">
    <failure message="expected [1] but found [4]" type="java.lang.AssertionError">java.lang.AssertionError: expected [1] but found [4]
	at org.wso2.extension.siddhi.map.text.sinkmapper.TextDefaultSinkMapperTestCase.testTextSinkMapperNewLineCharacter(TextDefaultSinkMapperTestCase.java:481)
</failure>
    <system-out><![CDATA[[org.wso2.extension.siddhi.map.text.sinkmapper.TextDefaultSinkMapperTestCase] : Test for new.line.charater
]]></system-out>
  </testcase>
  <testcase name="testTextSinkMapperWithDefaultMapping" classname="org.wso2.extension.siddhi.map.text.sinkmapper.TextDefaultSinkMapperTestCase" time="1.014">
    <failure message="expected [2] but found [10]" type="java.lang.AssertionError">java.lang.AssertionError: expected [2] but found [10]
	at org.wso2.extension.siddhi.map.text.sinkmapper.TextDefaultSinkMapperTestCase.testTextSinkMapperWithDefaultMapping(TextDefaultSinkMapperTestCase.java:144)
</failure>
    <system-out><![CDATA[[org.wso2.extension.siddhi.map.text.sinkmapper.TextDefaultSinkMapperTestCase] : Test default text mapping.
]]></system-out>
  </testcase>
  <testcase name="fileSinkTest" classname="org.wso2.extension.siddhi.map.text.sinkmapper.TextCustomSinkMapperTestCase" time="1.129"/>
  <testcase name="fileSinkTestGroup" classname="org.wso2.extension.siddhi.map.text.sinkmapper.TextCustomSinkMapperTestCase" time="1.126"/>
  <testcase name="testHTTPTextMappingText" classname="org.wso2.extension.siddhi.map.text.sinkmapper.TextCustomSinkMapperTestCase" time="1.035"/>
  <testcase name="testHTTPTextMappingTextMultiple" classname="org.wso2.extension.siddhi.map.text.sinkmapper.TextCustomSinkMapperTestCase" time="1.061"/>
  <testcase name="testTextSinkCustomMapping" classname="org.wso2.extension.siddhi.map.text.sinkmapper.TextCustomSinkMapperTestCase" time="0.02"/>
  <testcase name="testTextSinkMapperEventGroupCustomDelimiter" classname="org.wso2.extension.siddhi.map.text.sinkmapper.TextCustomSinkMapperTestCase" time="0.014"/>
  <testcase name="testTextSinkMapperEventGroupDefaultDelimiter" classname="org.wso2.extension.siddhi.map.text.sinkmapper.TextCustomSinkMapperTestCase" time="8.2"/>
  <testcase name="testTextSinkMapperEventGroupSingleEvent" classname="org.wso2.extension.siddhi.map.text.sinkmapper.TextCustomSinkMapperTestCase" time="0.008"/>
  <testcase name="testTextSinkMapperNewLineCharacter" classname="org.wso2.extension.siddhi.map.text.sinkmapper.TextCustomSinkMapperTestCase" time="0.009"/>
  <testcase name="testTextSinkMapperNewLineCharacterWrong" classname="org.wso2.extension.siddhi.map.text.sinkmapper.TextCustomSinkMapperTestCase" time="0.007"/>
  <testcase name="testTextSinkMapperNotEventGroupWithCustomDelimiter" classname="org.wso2.extension.siddhi.map.text.sinkmapper.TextCustomSinkMapperTestCase" time="0.01"/>
  <testcase name="testTextSinkMapperWithoutPayload" classname="org.wso2.extension.siddhi.map.text.sinkmapper.TextCustomSinkMapperTestCase" time="0.016"/>
  <testcase name="testTextSinkWrongMapping" classname="org.wso2.extension.siddhi.map.text.sinkmapper.TextCustomSinkMapperTestCase" time="0.01"/>
</testsuite>